#
# A fatal error has been detected by the Java Runtime Environment:
#
#  SIGSEGV (0xb) at pc=0x00000000d5a24b60, pid=16532, tid=140626760455936
#
# JRE version: 6.0_27-b27
# Java VM: OpenJDK 64-Bit Server VM (20.0-b12 mixed mode linux-amd64 compressed oops)
# Derivative: IcedTea6 1.12.6
# Distribution: Ubuntu 12.04 LTS, package 6b27-1.12.6-1ubuntu0.12.04.2
# Problematic frame:
# C  0x00000000d5a24b60
#
# If you would like to submit a bug report, please include
# instructions how to reproduce the bug and visit:
#   https://bugs.launchpad.net/ubuntu/+source/openjdk-6/
#

---------------  T H R E A D  ---------------

Current thread (0x00007fe5f4005000):  JavaThread "Code server for mfp from Mozilla/5.0 (X11; Linux x86_64) AppleWebKit/537.36 (KHTML, like Gecko) Ubuntu Chromium/28.0.1500.71 Chrome/28.0.1500.71 Safari/537.36 on http://127.0.0.1:8888/MyFirePlan.html?gwt.codesvr=127.0.0.1:9997 @ F=U|*I]p<Sm~w4a," daemon [_thread_in_Java, id=17803, stack(0x00007fe6380a5000,0x00007fe6381a6000)]

siginfo:si_signo=SIGSEGV: si_errno=0, si_code=2 (SEGV_ACCERR), si_addr=0x00000000d5a24b60

Registers:
RAX=0x00000000f881ff70, RBX=0x00007fe6381a4410, RCX=0x0000000000000009, RDX=0x0000000000000000
RSP=0x00007fe6381a4460, RBP=0x0000000000000000, RSI=0x00007fe6381a43b8, RDI=0x00000000d7e6b218
R8 =0x00000000f881ff70, R9 =0x00000000d5a9dc20, R10=0x00007fe6538efd80, R11=0x00007fe6493929f0
R12=0x0000000000000000, R13=0x00007fe649291cc4, R14=0x00007fe6381a4408, R15=0x00007fe5f4005000
RIP=0x00000000d5a24b60, EFLAGS=0x0000000000014646, CSGSFS=0x6e9a000000000033, ERR=0x0000000000000015
  TRAPNO=0x000000000000000e

Top of Stack: (sp=0x00007fe6381a4460)
0x00007fe6381a4460:   00000000d789a600 00000000d60febd8
0x00007fe6381a4470:   00000000f881f330 00007fe649005e8d
0x00007fe6381a4480:   00000000f881f2d0 00000000f9758a98
0x00007fe6381a4490:   0000000000000004 00007fe649500968
0x00007fe6381a44a0:   00000000f881f2d0 00000000f881f1d0
0x00007fe6381a44b0:   00000000f881f260 00000004f881f2b0
0x00007fe6381a44c0:   00000000f881f2b0 00000000f881fe20
0x00007fe6381a44d0:   00000000f95f9048 0000000100000000
0x00007fe6381a44e0:   00007fe64932fe70 00000000f881f2d0
0x00007fe6381a44f0:   00000000f881f2d0 00007fe64932f694
0x00007fe6381a4500:   00000000e59c5e88 00000000f9758a98
0x00007fe6381a4510:   00000000f881f280 00000000e0cd4848
0x00007fe6381a4520:   00000000f881e6d0 00000000f881f1d0
0x00007fe6381a4530:   e59c5e88f9758af0 00000000e59c1830
0x00007fe6381a4540:   00000000f881f260 00000000f93e34f0
0x00007fe6381a4550:   00000000f95f9018 00000000f881f270
0x00007fe6381a4560:   00000000f881f280 00000000f9758a98
0x00007fe6381a4570:   0000000300000004 00000000f881f1d0
0x00007fe6381a4580:   0000000000000000 00007fe6381a45d0
0x00007fe6381a4590:   00007fe6381a4618 00007fe6490059b3
0x00007fe6381a45a0:   0000000000000004 00007fe6490059b3
0x00007fe6381a45b0:   00000000f881e3d0 0000000000350002
0x00007fe6381a45c0:   00000000f881e3a8 00000000e59c1830
0x00007fe6381a45d0:   00000000e13d8b28 00007fe6381a45d8
0x00007fe6381a45e0:   00000000d6f69e6c 00007fe6381a4650
0x00007fe6381a45f0:   00000000d6f7bf10 0000000000000000
0x00007fe6381a4600:   00000000d6f69f40 00007fe6381a45b0
0x00007fe6381a4610:   00007fe6381a4648 00007fe6381a4698
0x00007fe6381a4620:   00007fe64900585a 00000000f881e230
0x00007fe6381a4630:   00000000f881e6a0 0000000000000000
0x00007fe6381a4640:   00000000e246cc68 00000000e13d8b28
0x00007fe6381a4650:   00000000e59c1830 00007fe6381a4658 

Instructions: (pc=0x00000000d5a24b60)
0x00000000d5a24b40:   00 00 00 00 00 00 00 00 00 00 00 00 00 00 00 00
0x00000000d5a24b50:   00 00 00 00 00 00 00 00 00 00 00 00 00 00 00 00
0x00000000d5a24b60:   01 6a d0 ed 2e 00 00 00 d8 47 a2 d5 00 00 00 00
0x00000000d5a24b70:   70 09 a0 d5 00 00 00 00 00 00 00 00 00 00 00 00 

Register to memory mapping:

RAX=0x00000000f881ff70 is an oop
java.lang.Float 
 - klass: 'java/lang/Float'
RBX=0x00007fe6381a4410 is pointing into the stack for thread: 0x00007fe5f4005000
RCX=0x0000000000000009 is an unknown value
RDX=0x0000000000000000 is an unknown value
RSP=0x00007fe6381a4460 is pointing into the stack for thread: 0x00007fe5f4005000
RBP=0x0000000000000000 is an unknown value
RSI=0x00007fe6381a43b8 is pointing into the stack for thread: 0x00007fe5f4005000
RDI=0x00000000d7e6b218 is an oop
[[I 
 - klass: 'java/lang/Object'[]
 - length: 565
R8 =0x00000000f881ff70 is an oop
java.lang.Float 
 - klass: 'java/lang/Float'
R9 =0x00000000d5a9dc20 is an oop
{instance class} 
 - klass: {other class}
R10=0x00007fe6538efd80: <offset 0xbbad80> in /usr/lib/jvm/java-6-openjdk-amd64/jre/lib/amd64/server/libjvm.so at 0x00007fe652d35000
R11=0x00007fe649392890 [CodeBlob (0x00007fe649392890)]
Framesize: 4
R12=0x0000000000000000 is an unknown value
R13=0x00007fe6492911d0 [CodeBlob (0x00007fe6492911d0)]
Framesize: 10
R14=0x00007fe6381a4408 is pointing into the stack for thread: 0x00007fe5f4005000
R15=0x00007fe5f4005000 is a thread


Stack: [0x00007fe6380a5000,0x00007fe6381a6000],  sp=0x00007fe6381a4460,  free space=1021k
Native frames: (J=compiled Java code, j=interpreted, Vv=VM code, C=native code)
C  0x00000000d5a24b60

[error occurred during error reporting (printing native stack), id 0xb]


---------------  P R O C E S S  ---------------

Java Threads: ( => current thread )
=>0x00007fe5f4005000 JavaThread "Code server for mfp from Mozilla/5.0 (X11; Linux x86_64) AppleWebKit/537.36 (KHTML, like Gecko) Ubuntu Chromium/28.0.1500.71 Chrome/28.0.1500.71 Safari/537.36 on http://127.0.0.1:8888/MyFirePlan.html?gwt.codesvr=127.0.0.1:9997 @ F=U|*I]p<Sm~w4a," daemon [_thread_in_Java, id=17803, stack(0x00007fe6380a5000,0x00007fe6381a6000)]
  0x00007fe5d0101000 JavaThread "Java2D Disposer" daemon [_thread_blocked, id=16647, stack(0x00007fe5dbd27000,0x00007fe5dbe28000)]
  0x00007fe5ec006800 JavaThread "btpool0-6" [_thread_blocked, id=16623, stack(0x00007fe6381a6000,0x00007fe6382a7000)]
  0x00007fe5ec005000 JavaThread "btpool0-5" [_thread_blocked, id=16622, stack(0x00007fe6382a7000,0x00007fe6383a8000)]
  0x00007fe5ec003800 JavaThread "btpool0-4" [_thread_blocked, id=16621, stack(0x00007fe6383a8000,0x00007fe6384a9000)]
  0x00007fe5ec009000 JavaThread "btpool0-2" [_thread_blocked, id=16619, stack(0x00007fe6385aa000,0x00007fe6386ab000)]
  0x00007fe64c2e4800 JavaThread "Timer-1" daemon [_thread_blocked, id=16612, stack(0x00007fe6388b4000,0x00007fe6389b5000)]
  0x00007fe64c21a000 JavaThread "btpool0-1 - Acceptor0 SelectChannelConnector@127.0.0.1:8888" [_thread_in_native, id=16611, stack(0x00007fe638b12000,0x00007fe638c13000)]
  0x00007fe64c1f9000 JavaThread "GC Daemon" daemon [_thread_blocked, id=16609, stack(0x00007fe648524000,0x00007fe648625000)]
  0x00007fe64c0d7000 JavaThread "Code server listener" daemon [_thread_in_native, id=16559, stack(0x00007fe648120000,0x00007fe648221000)]
  0x00007fe5fc01b000 JavaThread "Timer-0" daemon [_thread_blocked, id=16558, stack(0x00007fe648221000,0x00007fe648322000)]
  0x00007fe64c13f000 JavaThread "pool-1-thread-1" [_thread_blocked, id=16556, stack(0x00007fe648423000,0x00007fe648524000)]
  0x00007fe64c123000 JavaThread "Thread-2" daemon [_thread_blocked, id=16554, stack(0x00007fe648625000,0x00007fe648726000)]
  0x00007fe64c108800 JavaThread "Thread-1" [_thread_in_native, id=16553, stack(0x00007fe648726000,0x00007fe648827000)]
  0x00007fe64c0a0000 JavaThread "Low Memory Detector" daemon [_thread_blocked, id=16549, stack(0x00007fe648dfe000,0x00007fe648eff000)]
  0x00007fe64c09e800 JavaThread "C2 CompilerThread1" daemon [_thread_blocked, id=16548, stack(0x00007fe648eff000,0x00007fe649000000)]
  0x00007fe64c099000 JavaThread "C2 CompilerThread0" daemon [_thread_blocked, id=16547, stack(0x00007fe6500e8000,0x00007fe6501e9000)]
  0x00007fe64c097800 JavaThread "Signal Dispatcher" daemon [_thread_blocked, id=16546, stack(0x00007fe6501e9000,0x00007fe6502ea000)]
  0x00007fe64c078800 JavaThread "Finalizer" daemon [_thread_blocked, id=16544, stack(0x00007fe650473000,0x00007fe650574000)]
  0x00007fe64c076800 JavaThread "Reference Handler" daemon [_thread_blocked, id=16543, stack(0x00007fe650574000,0x00007fe650675000)]
  0x00007fe64c008000 JavaThread "main" [_thread_blocked, id=16537, stack(0x00007fe654603000,0x00007fe654704000)]

Other Threads:
  0x00007fe64c071800 VMThread [stack: 0x00007fe650675000,0x00007fe650776000] [id=16542]
  0x00007fe64c0a3000 WatcherThread [stack: 0x00007fe648cfd000,0x00007fe648dfe000] [id=16550]

VM state:not at safepoint (normal execution)

VM Mutex/Monitor currently owned by a thread: None

Heap
 PSYoungGen      total 115328K, used 64509K [0x00000000f5560000, 0x00000000ff940000, 0x0000000100000000)
  eden space 64000K, 81% used [0x00000000f5560000,0x00000000f886d888,0x00000000f93e0000)
  from space 51328K, 23% used [0x00000000f93e0000,0x00000000f9fd1be0,0x00000000fc600000)
  to   space 49536K, 0% used [0x00000000fc8e0000,0x00000000fc8e0000,0x00000000ff940000)
 PSOldGen        total 178816K, used 102054K [0x00000000e0000000, 0x00000000eaea0000, 0x00000000f5560000)
  object space 178816K, 57% used [0x00000000e0000000,0x00000000e63a9b38,0x00000000eaea0000)
 PSPermGen       total 61888K, used 43281K [0x00000000d5a00000, 0x00000000d9670000, 0x00000000e0000000)
  object space 61888K, 69% used [0x00000000d5a00000,0x00000000d84446a0,0x00000000d9670000)

Code Cache  [0x00007fe649000000, 0x00007fe649630000, 0x00007fe64c000000)
 total_blobs=1842 nmethods=1363 adapters=431 free_code_cache=43954816 largest_free_block=6080

Dynamic libraries:
00400000-00409000 r-xp 00000000 08:01 1444416                            /usr/lib/jvm/java-6-openjdk-amd64/jre/bin/java
00608000-00609000 r--p 00008000 08:01 1444416                            /usr/lib/jvm/java-6-openjdk-amd64/jre/bin/java
00609000-0060a000 rw-p 00009000 08:01 1444416                            /usr/lib/jvm/java-6-openjdk-amd64/jre/bin/java
00f9c000-00fbd000 rw-p 00000000 00:00 0                                  [heap]
d5a00000-d9670000 rw-p 00000000 00:00 0 
d9670000-e0000000 rw-p 00000000 00:00 0 
e0000000-eaea0000 rw-p 00000000 00:00 0 
eaea0000-f5560000 rw-p 00000000 00:00 0 
f5560000-ff940000 rw-p 00000000 00:00 0 
ff940000-100000000 ---p 00000000 00:00 0 
7fe5b8000000-7fe5b9971000 rw-p 00000000 00:00 0 
7fe5b9971000-7fe5bc000000 ---p 00000000 00:00 0 
7fe5bc000000-7fe5be8b4000 rw-p 00000000 00:00 0 
7fe5be8b4000-7fe5c0000000 ---p 00000000 00:00 0 
7fe5c0000000-7fe5c3ffb000 rw-p 00000000 00:00 0 
7fe5c3ffb000-7fe5c4000000 ---p 00000000 00:00 0 
7fe5c8000000-7fe5c8021000 rw-p 00000000 00:00 0 
7fe5c8021000-7fe5cc000000 ---p 00000000 00:00 0 
7fe5d0000000-7fe5d0ae6000 rw-p 00000000 00:00 0 
7fe5d0ae6000-7fe5d4000000 ---p 00000000 00:00 0 
7fe5d4000000-7fe5d4021000 rw-p 00000000 00:00 0 
7fe5d4021000-7fe5d8000000 ---p 00000000 00:00 0 
7fe5db5ef000-7fe5db62d000 r-xp 00000000 08:01 1054252                    /usr/lib/x86_64-linux-gnu/libjpeg.so.8.0.2
7fe5db62d000-7fe5db82d000 ---p 0003e000 08:01 1054252                    /usr/lib/x86_64-linux-gnu/libjpeg.so.8.0.2
7fe5db82d000-7fe5db82e000 r--p 0003e000 08:01 1054252                    /usr/lib/x86_64-linux-gnu/libjpeg.so.8.0.2
7fe5db82e000-7fe5db82f000 rw-p 0003f000 08:01 1054252                    /usr/lib/x86_64-linux-gnu/libjpeg.so.8.0.2
7fe5db82f000-7fe5db83f000 rw-p 00000000 00:00 0 
7fe5db83f000-7fe5db8d5000 r-xp 00000000 08:01 1049967                    /usr/lib/x86_64-linux-gnu/libfreetype.so.6.8.0
7fe5db8d5000-7fe5dbad4000 ---p 00096000 08:01 1049967                    /usr/lib/x86_64-linux-gnu/libfreetype.so.6.8.0
7fe5dbad4000-7fe5dbada000 r--p 00095000 08:01 1049967                    /usr/lib/x86_64-linux-gnu/libfreetype.so.6.8.0
7fe5dbada000-7fe5dbadb000 rw-p 0009b000 08:01 1049967                    /usr/lib/x86_64-linux-gnu/libfreetype.so.6.8.0
7fe5dbadb000-7fe5dbb24000 r-xp 00000000 08:01 1444374                    /usr/lib/jvm/java-6-openjdk-amd64/jre/lib/amd64/libfontmanager.so
7fe5dbb24000-7fe5dbd23000 ---p 00049000 08:01 1444374                    /usr/lib/jvm/java-6-openjdk-amd64/jre/lib/amd64/libfontmanager.so
7fe5dbd23000-7fe5dbd25000 r--p 00048000 08:01 1444374                    /usr/lib/jvm/java-6-openjdk-amd64/jre/lib/amd64/libfontmanager.so
7fe5dbd25000-7fe5dbd26000 rw-p 0004a000 08:01 1444374                    /usr/lib/jvm/java-6-openjdk-amd64/jre/lib/amd64/libfontmanager.so
7fe5dbd26000-7fe5dbd27000 rw-p 00000000 00:00 0 
7fe5dbd27000-7fe5dbd2a000 ---p 00000000 00:00 0 
7fe5dbd2a000-7fe5dc000000 rw-p 00000000 00:00 0                          [stack:16647]
7fe5dc000000-7fe5dc02a000 rw-p 00000000 00:00 0 
7fe5dc02a000-7fe5e0000000 ---p 00000000 00:00 0 
7fe5e0000000-7fe5e0021000 rw-p 00000000 00:00 0 
7fe5e0021000-7fe5e4000000 ---p 00000000 00:00 0 
7fe5e4000000-7fe5e4024000 rw-p 00000000 00:00 0 
7fe5e4024000-7fe5e8000000 ---p 00000000 00:00 0 
7fe5e8000000-7fe5e80c6000 rw-p 00000000 00:00 0 
7fe5e80c6000-7fe5ec000000 ---p 00000000 00:00 0 
7fe5ec000000-7fe5ec034000 rw-p 00000000 00:00 0 
7fe5ec034000-7fe5f0000000 ---p 00000000 00:00 0 
7fe5f0000000-7fe5f0021000 rw-p 00000000 00:00 0 
7fe5f0021000-7fe5f4000000 ---p 00000000 00:00 0 
7fe5f4000000-7fe5f4021000 rw-p 00000000 00:00 0 
7fe5f4021000-7fe5f8000000 ---p 00000000 00:00 0 
7fe5f8000000-7fe5f8021000 rw-p 00000000 00:00 0 
7fe5f8021000-7fe5fc000000 ---p 00000000 00:00 0 
7fe5fc000000-7fe5fc08e000 rw-p 00000000 00:00 0 
7fe5fc08e000-7fe600000000 ---p 00000000 00:00 0 
7fe600000000-7fe600082000 rw-p 00000000 00:00 0 
7fe600082000-7fe604000000 ---p 00000000 00:00 0 
7fe604000000-7fe604038000 rw-p 00000000 00:00 0 
7fe604038000-7fe608000000 ---p 00000000 00:00 0 
7fe608000000-7fe608094000 rw-p 00000000 00:00 0 
7fe608094000-7fe60c000000 ---p 00000000 00:00 0 
7fe60c000000-7fe60c02d000 rw-p 00000000 00:00 0 
7fe60c02d000-7fe610000000 ---p 00000000 00:00 0 
7fe610000000-7fe610021000 rw-p 00000000 00:00 0 
7fe610021000-7fe614000000 ---p 00000000 00:00 0 
7fe614000000-7fe614021000 rw-p 00000000 00:00 0 
7fe614021000-7fe618000000 ---p 00000000 00:00 0 
7fe618000000-7fe618021000 rw-p 00000000 00:00 0 
7fe618021000-7fe61c000000 ---p 00000000 00:00 0 
7fe61c000000-7fe61fff9000 rw-p 00000000 00:00 0 
7fe61fff9000-7fe620000000 ---p 00000000 00:00 0 
7fe620000000-7fe623ffa000 rw-p 00000000 00:00 0 
7fe623ffa000-7fe624000000 ---p 00000000 00:00 0 
7fe624000000-7fe624021000 rw-p 00000000 00:00 0 
7fe624021000-7fe628000000 ---p 00000000 00:00 0 
7fe628000000-7fe628021000 rw-p 00000000 00:00 0 
7fe628021000-7fe62c000000 ---p 00000000 00:00 0 
7fe62c000000-7fe62c113000 rw-p 00000000 00:00 0 
7fe62c113000-7fe630000000 ---p 00000000 00:00 0 
7fe630000000-7fe630021000 rw-p 00000000 00:00 0 
7fe630021000-7fe634000000 ---p 00000000 00:00 0 
7fe634000000-7fe634021000 rw-p 00000000 00:00 0 
7fe634021000-7fe638000000 ---p 00000000 00:00 0 
7fe638081000-7fe63808a000 r--s 00000000 08:01 1185919                    /var/cache/fontconfig/945677eb7aeaf62f1d50efc3fb3ec7d8-le64.cache-3
7fe63808a000-7fe638093000 r--s 00000000 08:01 1183570                    /var/cache/fontconfig/6d41288fd70b0be22e8c3a91e032eec0-le64.cache-3
7fe638093000-7fe63809c000 r--s 00000000 08:01 1185919                    /var/cache/fontconfig/945677eb7aeaf62f1d50efc3fb3ec7d8-le64.cache-3
7fe63809c000-7fe6380a5000 r--s 00000000 08:01 1183570                    /var/cache/fontconfig/6d41288fd70b0be22e8c3a91e032eec0-le64.cache-3
7fe6380a5000-7fe6380a8000 ---p 00000000 00:00 0 
7fe6380a8000-7fe6381a6000 rw-p 00000000 00:00 0                          [stack:17803]
7fe6381a6000-7fe6381a9000 ---p 00000000 00:00 0 
7fe6381a9000-7fe6382a7000 rw-p 00000000 00:00 0                          [stack:16623]
7fe6382a7000-7fe6382aa000 ---p 00000000 00:00 0 
7fe6382aa000-7fe6383a8000 rw-p 00000000 00:00 0                          [stack:16622]
7fe6383a8000-7fe6383ab000 ---p 00000000 00:00 0 
7fe6383ab000-7fe6384a9000 rw-p 00000000 00:00 0                          [stack:16621]
7fe6384a9000-7fe6384ac000 ---p 00000000 00:00 0 
7fe6384ac000-7fe6385aa000 rw-p 00000000 00:00 0 
7fe6385aa000-7fe6385ad000 ---p 00000000 00:00 0 
7fe6385ad000-7fe6386ab000 rw-p 00000000 00:00 0                          [stack:16619]
7fe6386ab000-7fe6386b3000 r-xp 00000000 08:01 1444358                    /usr/lib/jvm/java-6-openjdk-amd64/jre/lib/amd64/libnio.so
7fe6386b3000-7fe6388b2000 ---p 00008000 08:01 1444358                    /usr/lib/jvm/java-6-openjdk-amd64/jre/lib/amd64/libnio.so
7fe6388b2000-7fe6388b3000 r--p 00007000 08:01 1444358                    /usr/lib/jvm/java-6-openjdk-amd64/jre/lib/amd64/libnio.so
7fe6388b3000-7fe6388b4000 rw-p 00008000 08:01 1444358                    /usr/lib/jvm/java-6-openjdk-amd64/jre/lib/amd64/libnio.so
7fe6388b4000-7fe6388b7000 ---p 00000000 00:00 0 
7fe6388b7000-7fe6389b5000 rw-p 00000000 00:00 0                          [stack:16612]
7fe6389b5000-7fe638a2e000 r--s 00576000 08:01 658724                     /home/jrmerz/dev/ceres/my-fire-plan/war/WEB-INF/lib/gwt-servlet.jar
7fe638a2e000-7fe638a5d000 r--s 00379000 08:01 658715                     /home/jrmerz/dev/ceres/my-fire-plan/war/WEB-INF/lib/appengine-api-labs.jar
7fe638a5d000-7fe638b12000 r--s 01ac5000 08:01 658714                     /home/jrmerz/dev/ceres/my-fire-plan/war/WEB-INF/lib/appengine-api-1.0-sdk-1.7.4.jar
7fe638b12000-7fe638b15000 ---p 00000000 00:00 0 
7fe638b15000-7fe638c13000 rw-p 00000000 00:00 0                          [stack:16611]
7fe638c13000-7fe638c78000 r-xp 00000000 08:01 1181214                    /usr/lib/x86_64-linux-gnu/nss/libfreebl3.so
7fe638c78000-7fe638e77000 ---p 00065000 08:01 1181214                    /usr/lib/x86_64-linux-gnu/nss/libfreebl3.so
7fe638e77000-7fe638e79000 r--p 00064000 08:01 1181214                    /usr/lib/x86_64-linux-gnu/nss/libfreebl3.so
7fe638e79000-7fe638e7a000 rw-p 00066000 08:01 1181214                    /usr/lib/x86_64-linux-gnu/nss/libfreebl3.so
7fe638e7a000-7fe638e7e000 rw-p 00000000 00:00 0 
7fe638e7e000-7fe638f1c000 r-xp 00000000 08:01 1047443                    /usr/lib/x86_64-linux-gnu/libsqlite3.so.0.8.6
7fe638f1c000-7fe63911c000 ---p 0009e000 08:01 1047443                    /usr/lib/x86_64-linux-gnu/libsqlite3.so.0.8.6
7fe63911c000-7fe63911e000 r--p 0009e000 08:01 1047443                    /usr/lib/x86_64-linux-gnu/libsqlite3.so.0.8.6
7fe63911e000-7fe639120000 rw-p 000a0000 08:01 1047443                    /usr/lib/x86_64-linux-gnu/libsqlite3.so.0.8.6
7fe639120000-7fe639121000 rw-p 00000000 00:00 0 
7fe639121000-7fe63915a000 r-xp 00000000 08:01 1181219                    /usr/lib/x86_64-linux-gnu/nss/libsoftokn3.so
7fe63915a000-7fe639359000 ---p 00039000 08:01 1181219                    /usr/lib/x86_64-linux-gnu/nss/libsoftokn3.so
7fe639359000-7fe63935b000 r--p 00038000 08:01 1181219                    /usr/lib/x86_64-linux-gnu/nss/libsoftokn3.so
7fe63935b000-7fe63935c000 rw-p 0003a000 08:01 1181219                    /usr/lib/x86_64-linux-gnu/nss/libsoftokn3.so
7fe63935c000-7fe639396000 r-xp 00000000 08:01 1055195                    /usr/lib/x86_64-linux-gnu/libnspr4.so
7fe639396000-7fe639596000 ---p 0003a000 08:01 1055195                    /usr/lib/x86_64-linux-gnu/libnspr4.so
7fe639596000-7fe639597000 r--p 0003a000 08:01 1055195                    /usr/lib/x86_64-linux-gnu/libnspr4.so
7fe639597000-7fe639599000 rw-p 0003b000 08:01 1055195                    /usr/lib/x86_64-linux-gnu/libnspr4.so
7fe639599000-7fe63959b000 rw-p 00000000 00:00 0 
7fe63959b000-7fe63959e000 r-xp 00000000 08:01 1055198                    /usr/lib/x86_64-linux-gnu/libplds4.so
7fe63959e000-7fe63979d000 ---p 00003000 08:01 1055198                    /usr/lib/x86_64-linux-gnu/libplds4.so
7fe63979d000-7fe63979e000 r--p 00002000 08:01 1055198                    /usr/lib/x86_64-linux-gnu/libplds4.so
7fe63979e000-7fe63979f000 rw-p 00003000 08:01 1055198                    /usr/lib/x86_64-linux-gnu/libplds4.so
7fe63979f000-7fe6397a3000 r-xp 00000000 08:01 1055145                    /usr/lib/x86_64-linux-gnu/libplc4.so
7fe6397a3000-7fe6399a2000 ---p 00004000 08:01 1055145                    /usr/lib/x86_64-linux-gnu/libplc4.so
7fe6399a2000-7fe6399a3000 r--p 00003000 08:01 1055145                    /usr/lib/x86_64-linux-gnu/libplc4.so
7fe6399a3000-7fe6399a4000 rw-p 00004000 08:01 1055145                    /usr/lib/x86_64-linux-gnu/libplc4.so
7fe6399a4000-7fe6399c5000 r-xp 00000000 08:01 1055216                    /usr/lib/x86_64-linux-gnu/libnssutil3.so
7fe6399c5000-7fe639bc4000 ---p 00021000 08:01 1055216                    /usr/lib/x86_64-linux-gnu/libnssutil3.so
7fe639bc4000-7fe639bca000 r--p 00020000 08:01 1055216                    /usr/lib/x86_64-linux-gnu/libnssutil3.so
7fe639bca000-7fe639bcb000 rw-p 00026000 08:01 1055216                    /usr/lib/x86_64-linux-gnu/libnssutil3.so
7fe639bcb000-7fe639cca000 r-xp 00000000 08:01 1055222                    /usr/lib/x86_64-linux-gnu/libnss3.so
7fe639cca000-7fe639ec9000 ---p 000ff000 08:01 1055222                    /usr/lib/x86_64-linux-gnu/libnss3.so
7fe639ec9000-7fe639ece000 r--p 000fe000 08:01 1055222                    /usr/lib/x86_64-linux-gnu/libnss3.so
7fe639ece000-7fe639ed1000 rw-p 00103000 08:01 1055222                    /usr/lib/x86_64-linux-gnu/libnss3.so
7fe639ed1000-7fe639ed2000 rw-p 00000000 00:00 0 
7fe639ed2000-7fe639ee2000 r-xp 00000000 08:01 1444373                    /usr/lib/jvm/java-6-openjdk-amd64/jre/lib/amd64/libj2pkcs11.so
7fe639ee2000-7fe63a0e1000 ---p 00010000 08:01 1444373                    /usr/lib/jvm/java-6-openjdk-amd64/jre/lib/amd64/libj2pkcs11.so
7fe63a0e1000-7fe63a0e2000 r--p 0000f000 08:01 1444373                    /usr/lib/jvm/java-6-openjdk-amd64/jre/lib/amd64/libj2pkcs11.so
7fe63a0e2000-7fe63a0e3000 rw-p 00010000 08:01 1444373                    /usr/lib/jvm/java-6-openjdk-amd64/jre/lib/amd64/libj2pkcs11.so
7fe63a0e3000-7fe63a0ed000 r-xp 00000000 08:01 1444389                    /usr/lib/jvm/java-6-openjdk-amd64/jre/lib/amd64/libjpeg.so
7fe63a0ed000-7fe63a2ec000 ---p 0000a000 08:01 1444389                    /usr/lib/jvm/java-6-openjdk-amd64/jre/lib/amd64/libjpeg.so
7fe63a2ec000-7fe63a2ed000 r--p 00009000 08:01 1444389                    /usr/lib/jvm/java-6-openjdk-amd64/jre/lib/amd64/libjpeg.so
7fe63a2ed000-7fe63a2ee000 rw-p 0000a000 08:01 1444389                    /usr/lib/jvm/java-6-openjdk-amd64/jre/lib/amd64/libjpeg.so
7fe63a2ee000-7fe63a320000 r-xp 00000000 08:01 1444377                    /usr/lib/jvm/java-6-openjdk-amd64/jre/lib/amd64/liblcms.so
7fe63a320000-7fe63a51f000 ---p 00032000 08:01 1444377                    /usr/lib/jvm/java-6-openjdk-amd64/jre/lib/amd64/liblcms.so
7fe63a51f000-7fe63a520000 r--p 00031000 08:01 1444377                    /usr/lib/jvm/java-6-openjdk-amd64/jre/lib/amd64/liblcms.so
7fe63a520000-7fe63a521000 rw-p 00032000 08:01 1444377                    /usr/lib/jvm/java-6-openjdk-amd64/jre/lib/amd64/liblcms.so
7fe63a521000-7fe63a523000 rw-p 00000000 00:00 0 
7fe63a523000-7fe63a528000 r-xp 00000000 08:01 1049883                    /usr/lib/x86_64-linux-gnu/libXdmcp.so.6.0.0
7fe63a528000-7fe63a727000 ---p 00005000 08:01 1049883                    /usr/lib/x86_64-linux-gnu/libXdmcp.so.6.0.0
7fe63a727000-7fe63a728000 r--p 00004000 08:01 1049883                    /usr/lib/x86_64-linux-gnu/libXdmcp.so.6.0.0
7fe63a728000-7fe63a729000 rw-p 00005000 08:01 1049883                    /usr/lib/x86_64-linux-gnu/libXdmcp.so.6.0.0
7fe63a729000-7fe63a72b000 r-xp 00000000 08:01 1049778                    /usr/lib/x86_64-linux-gnu/libXau.so.6.0.0
7fe63a72b000-7fe63a92a000 ---p 00002000 08:01 1049778                    /usr/lib/x86_64-linux-gnu/libXau.so.6.0.0
7fe63a92a000-7fe63a92b000 r--p 00001000 08:01 1049778                    /usr/lib/x86_64-linux-gnu/libXau.so.6.0.0
7fe63a92b000-7fe63a92c000 rw-p 00002000 08:01 1049778                    /usr/lib/x86_64-linux-gnu/libXau.so.6.0.0
7fe63a92c000-7fe63a949000 r-xp 00000000 08:01 1049897                    /usr/lib/x86_64-linux-gnu/libxcb.so.1.1.0
7fe63a949000-7fe63ab48000 ---p 0001d000 08:01 1049897                    /usr/lib/x86_64-linux-gnu/libxcb.so.1.1.0
7fe63ab48000-7fe63ab49000 r--p 0001c000 08:01 1049897                    /usr/lib/x86_64-linux-gnu/libxcb.so.1.1.0
7fe63ab49000-7fe63ab4a000 rw-p 0001d000 08:01 1049897                    /usr/lib/x86_64-linux-gnu/libxcb.so.1.1.0
7fe63ab4a000-7fe63ab58000 r-xp 00000000 08:01 1051281                    /usr/lib/x86_64-linux-gnu/libXi.so.6.1.0
7fe63ab58000-7fe63ad57000 ---p 0000e000 08:01 1051281                    /usr/lib/x86_64-linux-gnu/libXi.so.6.1.0
7fe63ad57000-7fe63ad58000 r--p 0000d000 08:01 1051281                    /usr/lib/x86_64-linux-gnu/libXi.so.6.1.0
7fe63ad58000-7fe63ad59000 rw-p 0000e000 08:01 1051281                    /usr/lib/x86_64-linux-gnu/libXi.so.6.1.0
7fe63ad59000-7fe63ad5e000 r-xp 00000000 08:01 1051659                    /usr/lib/x86_64-linux-gnu/libXtst.so.6.1.0
7fe63ad5e000-7fe63af5d000 ---p 00005000 08:01 1051659                    /usr/lib/x86_64-linux-gnu/libXtst.so.6.1.0
7fe63af5d000-7fe63af5e000 r--p 00004000 08:01 1051659                    /usr/lib/x86_64-linux-gnu/libXtst.so.6.1.0
7fe63af5e000-7fe63af5f000 rw-p 00005000 08:01 1051659                    /usr/lib/x86_64-linux-gnu/libXtst.so.6.1.0
7fe63af5f000-7fe63af68000 r-xp 00000000 08:01 1051223                    /usr/lib/x86_64-linux-gnu/libXrender.so.1.3.0
7fe63af68000-7fe63b167000 ---p 00009000 08:01 1051223                    /usr/lib/x86_64-linux-gnu/libXrender.so.1.3.0
7fe63b167000-7fe63b168000 r--p 00008000 08:01 1051223                    /usr/lib/x86_64-linux-gnu/libXrender.so.1.3.0
7fe63b168000-7fe63b169000 rw-p 00009000 08:01 1051223                    /usr/lib/x86_64-linux-gnu/libXrender.so.1.3.0
7fe63b169000-7fe63b299000 r-xp 00000000 08:01 1049924                    /usr/lib/x86_64-linux-gnu/libX11.so.6.3.0
7fe63b299000-7fe63b499000 ---p 00130000 08:01 1049924                    /usr/lib/x86_64-linux-gnu/libX11.so.6.3.0
7fe63b499000-7fe63b49a000 r--p 00130000 08:01 1049924                    /usr/lib/x86_64-linux-gnu/libX11.so.6.3.0
7fe63b49a000-7fe63b49e000 rw-p 00131000 08:01 1049924                    /usr/lib/x86_64-linux-gnu/libX11.so.6.3.0
7fe63b49e000-7fe63b4ae000 r-xp 00000000 08:01 1049940                    /usr/lib/x86_64-linux-gnu/libXext.so.6.4.0
7fe63b4ae000-7fe63b6ad000 ---p 00010000 08:01 1049940                    /usr/lib/x86_64-linux-gnu/libXext.so.6.4.0
7fe63b6ad000-7fe63b6ae000 r--p 0000f000 08:01 1049940                    /usr/lib/x86_64-linux-gnu/libXext.so.6.4.0
7fe63b6ae000-7fe63b6af000 rw-p 00010000 08:01 1049940                    /usr/lib/x86_64-linux-gnu/libXext.so.6.4.0
7fe63b6af000-7fe63b6fa000 r-xp 00000000 08:01 1444547                    /usr/lib/jvm/java-6-openjdk-amd64/jre/lib/amd64/xawt/libmawt.so
7fe63b6fa000-7fe63b8fa000 ---p 0004b000 08:01 1444547                    /usr/lib/jvm/java-6-openjdk-amd64/jre/lib/amd64/xawt/libmawt.so
7fe63b8fa000-7fe63b8fb000 r--p 0004b000 08:01 1444547                    /usr/lib/jvm/java-6-openjdk-amd64/jre/lib/amd64/xawt/libmawt.so
7fe63b8fb000-7fe63b8fe000 rw-p 0004c000 08:01 1444547                    /usr/lib/jvm/java-6-openjdk-amd64/jre/lib/amd64/xawt/libmawt.so
7fe63b8fe000-7fe63b8ff000 rw-p 00000000 00:00 0 
7fe63b8ff000-7fe63b9ac000 r-xp 00000000 08:01 1444359                    /usr/lib/jvm/java-6-openjdk-amd64/jre/lib/amd64/libawt.so
7fe63b9ac000-7fe63bbab000 ---p 000ad000 08:01 1444359                    /usr/lib/jvm/java-6-openjdk-amd64/jre/lib/amd64/libawt.so
7fe63bbab000-7fe63bbac000 r--p 000ac000 08:01 1444359                    /usr/lib/jvm/java-6-openjdk-amd64/jre/lib/amd64/libawt.so
7fe63bbac000-7fe63bbb7000 rw-p 000ad000 08:01 1444359                    /usr/lib/jvm/java-6-openjdk-amd64/jre/lib/amd64/libawt.so
7fe63bbb7000-7fe63bbdc000 rw-p 00000000 00:00 0 
7fe63bbdc000-7fe63bbf4000 r-xp 00000000 08:01 1045749                    /lib/x86_64-linux-gnu/libresolv-2.15.so
7fe63bbf4000-7fe63bdf4000 ---p 00018000 08:01 1045749                    /lib/x86_64-linux-gnu/libresolv-2.15.so
7fe63bdf4000-7fe63bdf5000 r--p 00018000 08:01 1045749                    /lib/x86_64-linux-gnu/libresolv-2.15.so
7fe63bdf5000-7fe63bdf6000 rw-p 00019000 08:01 1045749                    /lib/x86_64-linux-gnu/libresolv-2.15.so
7fe63bdf6000-7fe63bdf8000 rw-p 00000000 00:00 0 
7fe63bdf8000-7fe63bdff000 r-xp 00000000 08:01 1046840                    /lib/x86_64-linux-gnu/libnss_dns-2.15.so
7fe63bdff000-7fe63bffe000 ---p 00007000 08:01 1046840                    /lib/x86_64-linux-gnu/libnss_dns-2.15.so
7fe63bffe000-7fe63bfff000 r--p 00006000 08:01 1046840                    /lib/x86_64-linux-gnu/libnss_dns-2.15.so
7fe63bfff000-7fe63c000000 rw-p 00007000 08:01 1046840                    /lib/x86_64-linux-gnu/libnss_dns-2.15.so
7fe63c000000-7fe63c053000 rw-p 00000000 00:00 0 
7fe63c053000-7fe640000000 ---p 00000000 00:00 0 
7fe640000000-7fe640021000 rw-p 00000000 00:00 0 
7fe640021000-7fe644000000 ---p 00000000 00:00 0 
7fe644000000-7fe644021000 rw-p 00000000 00:00 0 
7fe644021000-7fe648000000 ---p 00000000 00:00 0 
7fe648006000-7fe64801f000 r--s 0018d000 08:01 658722                     /home/jrmerz/dev/ceres/my-fire-plan/war/WEB-INF/lib/datanucleus-core-3.1.1.jar
7fe64801f000-7fe648022000 ---p 00000000 00:00 0 
7fe648022000-7fe648120000 rw-p 00000000 00:00 0 
7fe648120000-7fe648123000 ---p 00000000 00:00 0 
7fe648123000-7fe648221000 rw-p 00000000 00:00 0                          [stack:16559]
7fe648221000-7fe648224000 ---p 00000000 00:00 0 
7fe648224000-7fe648322000 rw-p 00000000 00:00 0                          [stack:16558]
7fe648322000-7fe648325000 ---p 00000000 00:00 0 
7fe648325000-7fe648423000 rw-p 00000000 00:00 0 
7fe648423000-7fe648426000 ---p 00000000 00:00 0 
7fe648426000-7fe648524000 rw-p 00000000 00:00 0                          [stack:16556]
7fe648524000-7fe648527000 ---p 00000000 00:00 0 
7fe648527000-7fe648625000 rw-p 00000000 00:00 0                          [stack:16609]
7fe648625000-7fe648628000 ---p 00000000 00:00 0 
7fe648628000-7fe648726000 rw-p 00000000 00:00 0                          [stack:16554]
7fe648726000-7fe648729000 ---p 00000000 00:00 0 
7fe648729000-7fe648827000 rw-p 00000000 00:00 0                          [stack:16553]
7fe648827000-7fe64883c000 r-xp 00000000 08:01 1444366                    /usr/lib/jvm/java-6-openjdk-amd64/jre/lib/amd64/libnet.so
7fe64883c000-7fe648a3b000 ---p 00015000 08:01 1444366                    /usr/lib/jvm/java-6-openjdk-amd64/jre/lib/amd64/libnet.so
7fe648a3b000-7fe648a3c000 r--p 00014000 08:01 1444366                    /usr/lib/jvm/java-6-openjdk-amd64/jre/lib/amd64/libnet.so
7fe648a3c000-7fe648a3d000 rw-p 00015000 08:01 1444366                    /usr/lib/jvm/java-6-openjdk-amd64/jre/lib/amd64/libnet.so
7fe648a3d000-7fe648bf8000 r--s 01e99000 08:01 27737                      /home/jrmerz/eclipse/plugins/com.google.gwt.eclipse.sdkbundle_2.5.1/gwt-2.5.1/gwt-dev.jar
7fe648bf8000-7fe648cfd000 r--s 01a68000 08:01 27752                      /home/jrmerz/eclipse/plugins/com.google.gwt.eclipse.sdkbundle_2.5.1/gwt-2.5.1/gwt-user.jar
7fe648cfd000-7fe648cfe000 ---p 00000000 00:00 0 
7fe648cfe000-7fe648dfe000 rw-p 00000000 00:00 0                          [stack:16550]
7fe648dfe000-7fe648e01000 ---p 00000000 00:00 0 
7fe648e01000-7fe648eff000 rw-p 00000000 00:00 0                          [stack:16549]
7fe648eff000-7fe648f02000 ---p 00000000 00:00 0 
7fe648f02000-7fe649000000 rw-p 00000000 00:00 0                          [stack:16548]
7fe649000000-7fe649630000 rwxp 00000000 00:00 0 
7fe649630000-7fe64c3d8000 rw-p 00000000 00:00 0 
7fe64c3d8000-7fe650000000 ---p 00000000 00:00 0 
7fe650000000-7fe650001000 rw-p 00000000 00:00 0 
7fe650001000-7fe650003000 r--s 00000000 08:01 1180518                    /var/cache/fontconfig/e13b20fdb08344e0e664864cc2ede53d-le64.cache-3
7fe650003000-7fe650005000 r--s 00000000 08:01 1180518                    /var/cache/fontconfig/e13b20fdb08344e0e664864cc2ede53d-le64.cache-3
7fe650005000-7fe65000b000 r--s 00017000 08:01 658723                     /home/jrmerz/dev/ceres/my-fire-plan/war/WEB-INF/lib/geronimo-jpa_2.0_spec-1.0.jar
7fe65000b000-7fe65000c000 r--s 00001000 08:01 658726                     /home/jrmerz/dev/ceres/my-fire-plan/war/WEB-INF/lib/jsr107cache-1.1.jar
7fe65000c000-7fe650010000 r--s 0003b000 08:01 658720                     /home/jrmerz/dev/ceres/my-fire-plan/war/WEB-INF/lib/datanucleus-api-jpa-3.1.1.jar
7fe650010000-7fe650015000 r--s 00049000 08:01 658719                     /home/jrmerz/dev/ceres/my-fire-plan/war/WEB-INF/lib/datanucleus-api-jdo-3.1.1.jar
7fe650015000-7fe650016000 r--s 00003000 08:01 658727                     /home/jrmerz/dev/ceres/my-fire-plan/war/WEB-INF/lib/jta-1.1.jar
7fe650016000-7fe650017000 r--s 00001000 08:01 658717                     /home/jrmerz/dev/ceres/my-fire-plan/war/WEB-INF/lib/appengine-jsr107cache-1.7.4.jar
7fe650017000-7fe650047000 r--s 004fd000 08:01 658716                     /home/jrmerz/dev/ceres/my-fire-plan/war/WEB-INF/lib/appengine-endpoints.jar
7fe650047000-7fe65004d000 r--s 0004e000 08:01 658721                     /home/jrmerz/dev/ceres/my-fire-plan/war/WEB-INF/lib/datanucleus-appengine-2.1.1.jar
7fe65004d000-7fe650053000 r--s 0002c000 08:01 658725                     /home/jrmerz/dev/ceres/my-fire-plan/war/WEB-INF/lib/jdo-api-3.0.1.jar
7fe650053000-7fe650055000 r--s 0000a000 08:01 658718                     /home/jrmerz/dev/ceres/my-fire-plan/war/WEB-INF/lib/asm-4.0.jar
7fe650055000-7fe650057000 r--s 00013000 08:01 1443610                    /usr/lib/jvm/java-6-openjdk-common/jre/lib/jce.jar
7fe650057000-7fe65005a000 r--s 0007f000 08:01 1443609                    /usr/lib/jvm/java-6-openjdk-common/jre/lib/jsse.jar
7fe65005a000-7fe650061000 r--s 000fc000 08:01 1443593                    /usr/lib/jvm/java-6-openjdk-common/jre/lib/resources.jar
7fe650061000-7fe65006e000 r--s 00056000 08:01 657728                     /home/jrmerz/dev/ceres/my-fire-plan/lib/gwt-maps.jar
7fe65006e000-7fe650074000 r--s 00036000 08:01 1133955                    /home/jrmerz/eclipse/plugins/org.junit_4.11.0.v201303080030/junit.jar
7fe650074000-7fe650076000 r--s 0000e000 08:01 27745                      /home/jrmerz/eclipse/plugins/com.google.gwt.eclipse.sdkbundle_2.5.1/gwt-2.5.1/validation-api-1.0.0.GA-sources.jar
7fe650076000-7fe650079000 r--s 00009000 08:01 27762                      /home/jrmerz/eclipse/plugins/com.google.gwt.eclipse.sdkbundle_2.5.1/gwt-2.5.1/validation-api-1.0.0.GA.jar
7fe650079000-7fe6500df000 rw-p 00000000 00:00 0 
7fe6500df000-7fe6500e2000 r--s 00077000 08:01 1443584                    /usr/lib/jvm/java-6-openjdk-common/jre/lib/ext/localedata.jar
7fe6500e2000-7fe6500e4000 r--s 00001000 08:01 1443585                    /usr/lib/jvm/java-6-openjdk-common/jre/lib/ext/dnsns.jar
7fe6500e4000-7fe6500e8000 r--s 00039000 08:01 1443582                    /usr/lib/jvm/java-6-openjdk-common/jre/lib/ext/sunpkcs11.jar
7fe6500e8000-7fe6500eb000 ---p 00000000 00:00 0 
7fe6500eb000-7fe6501e9000 rw-p 00000000 00:00 0                          [stack:16547]
7fe6501e9000-7fe6501ec000 ---p 00000000 00:00 0 
7fe6501ec000-7fe6502ea000 rw-p 00000000 00:00 0                          [stack:16546]
7fe6502ea000-7fe650473000 r--p 00000000 08:01 1044500                    /usr/lib/locale/locale-archive
7fe650473000-7fe650476000 ---p 00000000 00:00 0 
7fe650476000-7fe650574000 rw-p 00000000 00:00 0                          [stack:16544]
7fe650574000-7fe650577000 ---p 00000000 00:00 0 
7fe650577000-7fe650675000 rw-p 00000000 00:00 0                          [stack:16543]
7fe650675000-7fe650676000 ---p 00000000 00:00 0 
7fe650676000-7fe650cae000 rw-p 00000000 00:00 0                          [stack:16542]
7fe650cae000-7fe650e42000 r--s 03807000 08:01 1444342                    /usr/lib/jvm/java-6-openjdk-amd64/jre/lib/rt.jar
7fe650e42000-7fe650e43000 ---p 00000000 00:00 0 
7fe650e43000-7fe650f43000 rw-p 00000000 00:00 0                          [stack:16541]
7fe650f43000-7fe650f44000 ---p 00000000 00:00 0 
7fe650f44000-7fe651044000 rw-p 00000000 00:00 0                          [stack:16540]
7fe651044000-7fe651045000 ---p 00000000 00:00 0 
7fe651045000-7fe651145000 rw-p 00000000 00:00 0                          [stack:16539]
7fe651145000-7fe651146000 ---p 00000000 00:00 0 
7fe651146000-7fe651265000 rw-p 00000000 00:00 0                          [stack:16538]
7fe651265000-7fe651299000 rw-p 00000000 00:00 0 
7fe651299000-7fe6512f1000 rw-p 00000000 00:00 0 
7fe6512f1000-7fe651344000 rw-p 00000000 00:00 0 
7fe651344000-7fe651363000 rw-p 00000000 00:00 0 
7fe651363000-7fe651397000 rw-p 00000000 00:00 0 
7fe651397000-7fe6513ef000 rw-p 00000000 00:00 0 
7fe6513ef000-7fe651441000 rw-p 00000000 00:00 0 
7fe651441000-7fe651494000 rw-p 00000000 00:00 0 
7fe651494000-7fe651497000 ---p 00000000 00:00 0 
7fe651497000-7fe651498000 rw-p 00000000 00:00 0 
7fe651498000-7fe65149f000 r-xp 00000000 08:01 1444356                    /usr/lib/jvm/java-6-openjdk-amd64/jre/lib/amd64/libzip.so
7fe65149f000-7fe65169e000 ---p 00007000 08:01 1444356                    /usr/lib/jvm/java-6-openjdk-amd64/jre/lib/amd64/libzip.so
7fe65169e000-7fe65169f000 r--p 00006000 08:01 1444356                    /usr/lib/jvm/java-6-openjdk-amd64/jre/lib/amd64/libzip.so
7fe65169f000-7fe6516a0000 rw-p 00007000 08:01 1444356                    /usr/lib/jvm/java-6-openjdk-amd64/jre/lib/amd64/libzip.so
7fe6516a0000-7fe6516ac000 r-xp 00000000 08:01 1045808                    /lib/x86_64-linux-gnu/libnss_files-2.15.so
7fe6516ac000-7fe6518ab000 ---p 0000c000 08:01 1045808                    /lib/x86_64-linux-gnu/libnss_files-2.15.so
7fe6518ab000-7fe6518ac000 r--p 0000b000 08:01 1045808                    /lib/x86_64-linux-gnu/libnss_files-2.15.so
7fe6518ac000-7fe6518ad000 rw-p 0000c000 08:01 1045808                    /lib/x86_64-linux-gnu/libnss_files-2.15.so
7fe6518ad000-7fe6518b7000 r-xp 00000000 08:01 1045750                    /lib/x86_64-linux-gnu/libnss_nis-2.15.so
7fe6518b7000-7fe651ab7000 ---p 0000a000 08:01 1045750                    /lib/x86_64-linux-gnu/libnss_nis-2.15.so
7fe651ab7000-7fe651ab8000 r--p 0000a000 08:01 1045750                    /lib/x86_64-linux-gnu/libnss_nis-2.15.so
7fe651ab8000-7fe651ab9000 rw-p 0000b000 08:01 1045750                    /lib/x86_64-linux-gnu/libnss_nis-2.15.so
7fe651ab9000-7fe651ad0000 r-xp 00000000 08:01 1047880                    /lib/x86_64-linux-gnu/libnsl-2.15.so
7fe651ad0000-7fe651ccf000 ---p 00017000 08:01 1047880                    /lib/x86_64-linux-gnu/libnsl-2.15.so
7fe651ccf000-7fe651cd0000 r--p 00016000 08:01 1047880                    /lib/x86_64-linux-gnu/libnsl-2.15.so
7fe651cd0000-7fe651cd1000 rw-p 00017000 08:01 1047880                    /lib/x86_64-linux-gnu/libnsl-2.15.so
7fe651cd1000-7fe651cd3000 rw-p 00000000 00:00 0 
7fe651cd3000-7fe651cdb000 r-xp 00000000 08:01 1045809                    /lib/x86_64-linux-gnu/libnss_compat-2.15.so
7fe651cdb000-7fe651eda000 ---p 00008000 08:01 1045809                    /lib/x86_64-linux-gnu/libnss_compat-2.15.so
7fe651eda000-7fe651edb000 r--p 00007000 08:01 1045809                    /lib/x86_64-linux-gnu/libnss_compat-2.15.so
7fe651edb000-7fe651edc000 rw-p 00008000 08:01 1045809                    /lib/x86_64-linux-gnu/libnss_compat-2.15.so
7fe651edc000-7fe651f08000 r-xp 00000000 08:01 1444355                    /usr/lib/jvm/java-6-openjdk-amd64/jre/lib/amd64/libjava.so
7fe651f08000-7fe652107000 ---p 0002c000 08:01 1444355                    /usr/lib/jvm/java-6-openjdk-amd64/jre/lib/amd64/libjava.so
7fe652107000-7fe652108000 r--p 0002b000 08:01 1444355                    /usr/lib/jvm/java-6-openjdk-amd64/jre/lib/amd64/libjava.so
7fe652108000-7fe65210b000 rw-p 0002c000 08:01 1444355                    /usr/lib/jvm/java-6-openjdk-amd64/jre/lib/amd64/libjava.so
7fe65210b000-7fe652119000 r-xp 00000000 08:01 1444382                    /usr/lib/jvm/java-6-openjdk-amd64/jre/lib/amd64/libverify.so
7fe652119000-7fe652318000 ---p 0000e000 08:01 1444382                    /usr/lib/jvm/java-6-openjdk-amd64/jre/lib/amd64/libverify.so
7fe652318000-7fe65231a000 r--p 0000d000 08:01 1444382                    /usr/lib/jvm/java-6-openjdk-amd64/jre/lib/amd64/libverify.so
7fe65231a000-7fe65231b000 rw-p 0000f000 08:01 1444382                    /usr/lib/jvm/java-6-openjdk-amd64/jre/lib/amd64/libverify.so
7fe65231b000-7fe652322000 r-xp 00000000 08:01 1045748                    /lib/x86_64-linux-gnu/librt-2.15.so
7fe652322000-7fe652521000 ---p 00007000 08:01 1045748                    /lib/x86_64-linux-gnu/librt-2.15.so
7fe652521000-7fe652522000 r--p 00006000 08:01 1045748                    /lib/x86_64-linux-gnu/librt-2.15.so
7fe652522000-7fe652523000 rw-p 00007000 08:01 1045748                    /lib/x86_64-linux-gnu/librt-2.15.so
7fe652523000-7fe652538000 r-xp 00000000 08:01 1050414                    /lib/x86_64-linux-gnu/libgcc_s.so.1
7fe652538000-7fe652737000 ---p 00015000 08:01 1050414                    /lib/x86_64-linux-gnu/libgcc_s.so.1
7fe652737000-7fe652738000 r--p 00014000 08:01 1050414                    /lib/x86_64-linux-gnu/libgcc_s.so.1
7fe652738000-7fe652739000 rw-p 00015000 08:01 1050414                    /lib/x86_64-linux-gnu/libgcc_s.so.1
7fe652739000-7fe652834000 r-xp 00000000 08:01 1045793                    /lib/x86_64-linux-gnu/libm-2.15.so
7fe652834000-7fe652a33000 ---p 000fb000 08:01 1045793                    /lib/x86_64-linux-gnu/libm-2.15.so
7fe652a33000-7fe652a34000 r--p 000fa000 08:01 1045793                    /lib/x86_64-linux-gnu/libm-2.15.so
7fe652a34000-7fe652a35000 rw-p 000fb000 08:01 1045793                    /lib/x86_64-linux-gnu/libm-2.15.so
7fe652a35000-7fe652b17000 r-xp 00000000 08:01 1047187                    /usr/lib/x86_64-linux-gnu/libstdc++.so.6.0.16
7fe652b17000-7fe652d16000 ---p 000e2000 08:01 1047187                    /usr/lib/x86_64-linux-gnu/libstdc++.so.6.0.16
7fe652d16000-7fe652d1e000 r--p 000e1000 08:01 1047187                    /usr/lib/x86_64-linux-gnu/libstdc++.so.6.0.16
7fe652d1e000-7fe652d20000 rw-p 000e9000 08:01 1047187                    /usr/lib/x86_64-linux-gnu/libstdc++.so.6.0.16
7fe652d20000-7fe652d35000 rw-p 00000000 00:00 0 
7fe652d35000-7fe653635000 r-xp 00000000 08:01 1444370                    /usr/lib/jvm/java-6-openjdk-amd64/jre/lib/amd64/server/libjvm.so
7fe653635000-7fe653835000 ---p 00900000 08:01 1444370                    /usr/lib/jvm/java-6-openjdk-amd64/jre/lib/amd64/server/libjvm.so
7fe653835000-7fe6538b6000 r--p 00900000 08:01 1444370                    /usr/lib/jvm/java-6-openjdk-amd64/jre/lib/amd64/server/libjvm.so
7fe6538b6000-7fe6538d1000 rw-p 00981000 08:01 1444370                    /usr/lib/jvm/java-6-openjdk-amd64/jre/lib/amd64/server/libjvm.so
7fe6538d1000-7fe6538fa000 rw-p 00000000 00:00 0 
7fe6538fa000-7fe653910000 r-xp 00000000 08:01 1045954                    /lib/x86_64-linux-gnu/libz.so.1.2.3.4
7fe653910000-7fe653b0f000 ---p 00016000 08:01 1045954                    /lib/x86_64-linux-gnu/libz.so.1.2.3.4
7fe653b0f000-7fe653b10000 r--p 00015000 08:01 1045954                    /lib/x86_64-linux-gnu/libz.so.1.2.3.4
7fe653b10000-7fe653b11000 rw-p 00016000 08:01 1045954                    /lib/x86_64-linux-gnu/libz.so.1.2.3.4
7fe653b11000-7fe653cc6000 r-xp 00000000 08:01 1045167                    /lib/x86_64-linux-gnu/libc-2.15.so
7fe653cc6000-7fe653ec5000 ---p 001b5000 08:01 1045167                    /lib/x86_64-linux-gnu/libc-2.15.so
7fe653ec5000-7fe653ec9000 r--p 001b4000 08:01 1045167                    /lib/x86_64-linux-gnu/libc-2.15.so
7fe653ec9000-7fe653ecb000 rw-p 001b8000 08:01 1045167                    /lib/x86_64-linux-gnu/libc-2.15.so
7fe653ecb000-7fe653ed0000 rw-p 00000000 00:00 0 
7fe653ed0000-7fe653ed2000 r-xp 00000000 08:01 1045155                    /lib/x86_64-linux-gnu/libdl-2.15.so
7fe653ed2000-7fe6540d2000 ---p 00002000 08:01 1045155                    /lib/x86_64-linux-gnu/libdl-2.15.so
7fe6540d2000-7fe6540d3000 r--p 00002000 08:01 1045155                    /lib/x86_64-linux-gnu/libdl-2.15.so
7fe6540d3000-7fe6540d4000 rw-p 00003000 08:01 1045155                    /lib/x86_64-linux-gnu/libdl-2.15.so
7fe6540d4000-7fe6540d8000 r-xp 00000000 08:01 1444385                    /usr/lib/jvm/java-6-openjdk-amd64/jre/lib/amd64/jli/libjli.so
7fe6540d8000-7fe6542d7000 ---p 00004000 08:01 1444385                    /usr/lib/jvm/java-6-openjdk-amd64/jre/lib/amd64/jli/libjli.so
7fe6542d7000-7fe6542d8000 r--p 00003000 08:01 1444385                    /usr/lib/jvm/java-6-openjdk-amd64/jre/lib/amd64/jli/libjli.so
7fe6542d8000-7fe6542d9000 rw-p 00004000 08:01 1444385                    /usr/lib/jvm/java-6-openjdk-amd64/jre/lib/amd64/jli/libjli.so
7fe6542d9000-7fe6542f1000 r-xp 00000000 08:01 1045744                    /lib/x86_64-linux-gnu/libpthread-2.15.so
7fe6542f1000-7fe6544f0000 ---p 00018000 08:01 1045744                    /lib/x86_64-linux-gnu/libpthread-2.15.so
7fe6544f0000-7fe6544f1000 r--p 00017000 08:01 1045744                    /lib/x86_64-linux-gnu/libpthread-2.15.so
7fe6544f1000-7fe6544f2000 rw-p 00018000 08:01 1045744                    /lib/x86_64-linux-gnu/libpthread-2.15.so
7fe6544f2000-7fe6544f6000 rw-p 00000000 00:00 0 
7fe6544f6000-7fe654518000 r-xp 00000000 08:01 1045822                    /lib/x86_64-linux-gnu/ld-2.15.so
7fe654518000-7fe654519000 r--s 00007000 08:01 1444563                    /usr/share/java/java-atk-wrapper.jar
7fe654519000-7fe65451b000 r--s 0000f000 08:01 1443583                    /usr/lib/jvm/java-6-openjdk-common/jre/lib/ext/pulse-java.jar
7fe65451b000-7fe65455c000 rw-p 00000000 00:00 0 
7fe65455c000-7fe654603000 rw-p 00000000 00:00 0 
7fe654603000-7fe654606000 ---p 00000000 00:00 0 
7fe654606000-7fe654709000 rw-p 00000000 00:00 0                          [stack:16537]
7fe654709000-7fe65470c000 r--s 00031000 08:01 1443586                    /usr/lib/jvm/java-6-openjdk-common/jre/lib/ext/sunjce_provider.jar
7fe65470c000-7fe654714000 rw-s 00000000 00:0d 207610                     /tmp/hsperfdata_jrmerz/16532
7fe654714000-7fe654715000 rw-p 00000000 00:00 0 
7fe654715000-7fe654716000 r--p 00000000 00:00 0 
7fe654716000-7fe654718000 rw-p 00000000 00:00 0 
7fe654718000-7fe654719000 r--p 00022000 08:01 1045822                    /lib/x86_64-linux-gnu/ld-2.15.so
7fe654719000-7fe65471b000 rw-p 00023000 08:01 1045822                    /lib/x86_64-linux-gnu/ld-2.15.so
7fffde528000-7fffde549000 rw-p 00000000 00:00 0                          [stack]
7fffde5fe000-7fffde600000 r-xp 00000000 00:00 0                          [vdso]
ffffffffff600000-ffffffffff601000 r-xp 00000000 00:00 0                  [vsyscall]
